<?xml version="1.0" encoding="UTF-8"?>
<testng-results skipped="0" failed="0" ignored="0" total="2" passed="2">
  <reporter-output>
  </reporter-output>
  <suite name="Suite" duration-ms="24189" started-at="2020-04-19T15:04:10Z" finished-at="2020-04-19T15:04:34Z">
    <groups>
      <group name="cucumber">
        <method signature="AbstractTestNGCucumberTests.runScenario(io.cucumber.testng.PickleEventWrapper, io.cucumber.testng.CucumberFeatureWrapper)[pri:0, instance:runner.Runner@7d9d1a19]" name="runScenario" class="io.cucumber.testng.AbstractTestNGCucumberTests"/>
      </group> <!-- cucumber -->
    </groups>
    <test name="Test" duration-ms="24189" started-at="2020-04-19T15:04:10Z" finished-at="2020-04-19T15:04:34Z">
      <class name="runner.Runner">
        <test-method status="PASS" signature="setUpClass()[pri:0, instance:runner.Runner@7d9d1a19]" name="setUpClass" is-config="true" duration-ms="89" started-at="2020-04-19T15:04:10Z" finished-at="2020-04-19T15:04:10Z">
          <reporter-output>
          </reporter-output>
        </test-method> <!-- setUpClass -->
        <test-method status="PASS" signature="runScenario(io.cucumber.testng.PickleEventWrapper, io.cucumber.testng.CucumberFeatureWrapper)[pri:0, instance:runner.Runner@7d9d1a19]" name="runScenario" duration-ms="11568" started-at="2020-04-19T15:04:10Z" description="Runs Cucumber Scenarios" data-provider="scenarios" finished-at="2020-04-19T15:04:21Z">
          <params>
            <param index="0">
              <value>
                <![CDATA["Searching of various cars from dropdown"]]>
              </value>
            </param>
            <param index="1">
              <value>
                <![CDATA["Search car"]]>
              </value>
            </param>
          </params>
          <reporter-output>
          </reporter-output>
        </test-method> <!-- runScenario -->
        <test-method status="PASS" signature="runScenario(io.cucumber.testng.PickleEventWrapper, io.cucumber.testng.CucumberFeatureWrapper)[pri:0, instance:runner.Runner@7d9d1a19]" name="runScenario" duration-ms="12469" started-at="2020-04-19T15:04:21Z" description="Runs Cucumber Scenarios" data-provider="scenarios" finished-at="2020-04-19T15:04:34Z">
          <params>
            <param index="0">
              <value>
                <![CDATA["Searching of various cars from dropdown"]]>
              </value>
            </param>
            <param index="1">
              <value>
                <![CDATA["Search car"]]>
              </value>
            </param>
          </params>
          <reporter-output>
          </reporter-output>
        </test-method> <!-- runScenario -->
        <test-method status="PASS" signature="tearDownClass()[pri:0, instance:runner.Runner@7d9d1a19]" name="tearDownClass" is-config="true" duration-ms="21" started-at="2020-04-19T15:04:34Z" finished-at="2020-04-19T15:04:34Z">
          <reporter-output>
          </reporter-output>
        </test-method> <!-- tearDownClass -->
      </class> <!-- runner.Runner -->
    </test> <!-- Test -->
  </suite> <!-- Suite -->
</testng-results>
