<?xml version="1.0" encoding="UTF-8"?>
<testng-results skipped="0" failed="0" ignored="0" total="2" passed="2">
  <reporter-output>
  </reporter-output>
  <suite name="Suite" duration-ms="17753" started-at="2020-04-19T17:49:46Z" finished-at="2020-04-19T17:50:03Z">
    <groups>
      <group name="cucumber">
        <method signature="AbstractTestNGCucumberTests.runScenario(io.cucumber.testng.PickleEventWrapper, io.cucumber.testng.CucumberFeatureWrapper)[pri:0, instance:runner.Runner@5622fdf]" name="runScenario" class="io.cucumber.testng.AbstractTestNGCucumberTests"/>
      </group> <!-- cucumber -->
    </groups>
    <test name="Test" duration-ms="17753" started-at="2020-04-19T17:49:46Z" finished-at="2020-04-19T17:50:03Z">
      <class name="runner.Runner">
        <test-method status="PASS" signature="setUpClass()[pri:0, instance:runner.Runner@5622fdf]" name="setUpClass" is-config="true" duration-ms="94" started-at="2020-04-19T17:49:46Z" finished-at="2020-04-19T17:49:46Z">
          <reporter-output>
          </reporter-output>
        </test-method> <!-- setUpClass -->
        <test-method status="PASS" signature="runScenario(io.cucumber.testng.PickleEventWrapper, io.cucumber.testng.CucumberFeatureWrapper)[pri:0, instance:runner.Runner@5622fdf]" name="runScenario" duration-ms="8841" started-at="2020-04-19T17:49:46Z" description="Runs Cucumber Scenarios" data-provider="scenarios" finished-at="2020-04-19T17:49:54Z">
          <params>
            <param index="0">
              <value>
                <![CDATA["Searching of various cars from dropdown"]]>
              </value>
            </param>
            <param index="1">
              <value>
                <![CDATA["Search car"]]>
              </value>
            </param>
          </params>
          <reporter-output>
          </reporter-output>
        </test-method> <!-- runScenario -->
        <test-method status="PASS" signature="runScenario(io.cucumber.testng.PickleEventWrapper, io.cucumber.testng.CucumberFeatureWrapper)[pri:0, instance:runner.Runner@5622fdf]" name="runScenario" duration-ms="8659" started-at="2020-04-19T17:49:55Z" description="Runs Cucumber Scenarios" data-provider="scenarios" finished-at="2020-04-19T17:50:03Z">
          <params>
            <param index="0">
              <value>
                <![CDATA["Searching of various cars from dropdown"]]>
              </value>
            </param>
            <param index="1">
              <value>
                <![CDATA["Search car"]]>
              </value>
            </param>
          </params>
          <reporter-output>
          </reporter-output>
        </test-method> <!-- runScenario -->
        <test-method status="PASS" signature="tearDownClass()[pri:0, instance:runner.Runner@5622fdf]" name="tearDownClass" is-config="true" duration-ms="80" started-at="2020-04-19T17:50:03Z" finished-at="2020-04-19T17:50:03Z">
          <reporter-output>
          </reporter-output>
        </test-method> <!-- tearDownClass -->
      </class> <!-- runner.Runner -->
    </test> <!-- Test -->
  </suite> <!-- Suite -->
</testng-results>
